{"/Users/adrien/Documents/frontend/src/component/hello.js": {"path":"/Users/adrien/Documents/frontend/src/component/hello.js","statementMap":{"0":{"start":{"line":4,"column":14},"end":{"line":4,"column":46}},"1":{"start":{"line":4,"column":20},"end":{"line":4,"column":46}}},"fnMap":{"0":{"name":"(anonymous_0)","decl":{"start":{"line":4,"column":14},"end":{"line":4,"column":15}},"loc":{"start":{"line":4,"column":20},"end":{"line":4,"column":46}},"line":4}},"branchMap":{},"s":{"0":1,"1":1},"f":{"0":1},"b":{},"_coverageSchema":"1a1c01bbd47fc00a2c39e90264f33305004495a9","hash":"e8eb7accd0f6cf0cb1c110c6dab0347ff11a0402"}
}
